<?xml version="1.0" encoding="UTF-8"?>
<testng-results skipped="0" failed="0" total="1" passed="1">
  <reporter-output>
  </reporter-output>
  <suite name="Default suite" duration-ms="72610" started-at="2021-01-26T11:42:30Z" finished-at="2021-01-26T11:43:42Z">
    <groups>
    </groups>
    <test name="Default test" duration-ms="72610" started-at="2021-01-26T11:42:30Z" finished-at="2021-01-26T11:43:42Z">
      <class name="TestCases.TestClass">
        <test-method status="PASS" signature="setUpSuite()[pri:0, instance:TestCases.TestClass@96532d6]" name="setUpSuite" is-config="true" duration-ms="924" started-at="2021-01-26T17:12:29Z" finished-at="2021-01-26T17:12:30Z">
          <reporter-output>
          </reporter-output>
        </test-method> <!-- setUpSuite -->
        <test-method status="PASS" signature="initialize()[pri:0, instance:TestCases.TestClass@96532d6]" name="initialize" is-config="true" duration-ms="36798" started-at="2021-01-26T17:12:30Z" finished-at="2021-01-26T17:13:07Z">
          <reporter-output>
          </reporter-output>
        </test-method> <!-- initialize -->
        <test-method status="PASS" signature="init1()[pri:0, instance:TestCases.TestClass@96532d6]" name="init1" duration-ms="34706" started-at="2021-01-26T17:13:07Z" finished-at="2021-01-26T17:13:41Z">
          <reporter-output>
          </reporter-output>
        </test-method> <!-- init1 -->
        <test-method status="PASS" signature="tearDown()[pri:0, instance:TestCases.TestClass@96532d6]" name="tearDown" is-config="true" duration-ms="1056" started-at="2021-01-26T17:13:41Z" finished-at="2021-01-26T17:13:42Z">
          <reporter-output>
          </reporter-output>
        </test-method> <!-- tearDown -->
        <test-method status="PASS" signature="quitAll()[pri:0, instance:TestCases.TestClass@96532d6]" name="quitAll" is-config="true" duration-ms="1170" started-at="2021-01-26T17:13:43Z" finished-at="2021-01-26T17:13:44Z">
          <reporter-output>
          </reporter-output>
        </test-method> <!-- quitAll -->
      </class> <!-- TestCases.TestClass -->
    </test> <!-- Default test -->
  </suite> <!-- Default suite -->
</testng-results>
